2024-11-04T07:01:42+00:00 INFO Payment gateway enabled: "Cash on delivery"
2024-11-04T07:02:27+00:00 INFO Payment gateway enabled: "Direct bank transfer"
2024-11-04T07:04:18+00:00 INFO Payment gateway enabled: "Direct bank transfer"
2024-11-04T07:33:22+00:00 INFO Payment gateway enabled: "Stripe"
2024-11-04T07:37:46+00:00 WARNING Empty patterns received from the PTK Pattern Store
2024-11-04T07:38:22+00:00 WARNING Empty patterns received from the PTK Pattern Store
2024-11-04T07:38:26+00:00 WARNING Empty patterns received from the PTK Pattern Store
2024-11-04T07:46:02+00:00 INFO Payment gateway enabled: "Stripe"
2024-11-04T07:46:02+00:00 INFO Payment gateway enabled: ""
2024-11-04T07:46:02+00:00 INFO Payment gateway enabled: ""
2024-11-04T07:46:02+00:00 INFO Payment gateway enabled: ""
2024-11-04T07:46:02+00:00 INFO Payment gateway enabled: ""
2024-11-04T07:46:02+00:00 INFO Payment gateway enabled: ""
2024-11-04T07:46:02+00:00 INFO Payment gateway enabled: ""
2024-11-04T07:46:02+00:00 INFO Payment gateway enabled: ""
2024-11-04T07:46:02+00:00 INFO Payment gateway enabled: ""
2024-11-04T07:46:02+00:00 INFO Payment gateway enabled: ""
2024-11-04T07:46:02+00:00 INFO Payment gateway enabled: ""
2024-11-04T07:46:02+00:00 INFO Payment gateway enabled: ""
2024-11-04T07:46:02+00:00 INFO Payment gateway enabled: ""
2024-11-04T07:46:02+00:00 INFO Payment gateway enabled: ""
2024-11-04T07:46:02+00:00 INFO Payment gateway enabled: ""
2024-11-04T07:46:02+00:00 INFO Payment gateway enabled: ""
2024-11-04T08:01:55+00:00 INFO Payment gateway enabled: "Cash on delivery"
